Terminales no usados en la gramática

    EXPR_LISTA_IZQ
    EXPR_LISTA_DER
    OP_UN_DELANTE
    OP_BIN_TERN_SEG
    OP_BINARIO
    OP_UNARIO
    OP_UN_BIN
    OP_BINARIO_LISTAS
    OP_TER_LIST


Estado 160 conflictos: 1 desplazamiento/reducción


Gramática

    0 $accept: programa $end

    1 programa: CABECERA_PROGRAMA bloque

    2 $@1: ε

    3 bloque: LLAVE_IZQ $@1 Declar_de_variables_locales Declar_de_subprogs Sentencia_opt LLAVE_DER

    4 Declar_de_subprogs: Declar_de_subprogs Declar_subprog
    5                   | ε

    6 $@2: ε

    7 Declar_subprog: Cabecera_subprog $@2 bloque

    8 $@3: ε

    9 Declar_de_variables_locales: IVAR $@3 decl_variables FVAR
   10                            | ε

   11 decl_variables: decl_variables lista_variables
   12               | lista_variables

   13 $@4: ε

   14 lista_variables: tipo $@4 lista_ident PYC

   15 lista_ident: lista_ident COMA IDENTIFICADOR
   16            | IDENTIFICADOR
   17            | error

   18 tipo: TIPO_PRIM
   19     | TIPO_LISTA TIPO_PRIM

   20 $@5: ε

   21 Cabecera_subprog: tipo IDENTIFICADOR $@5 PAR_IZQ lista_arg PAR_DER

   22 lista_arg: argumentos
   23          | ε

   24 argumentos: tipo IDENTIFICADOR
   25           | argumentos COMA tipo IDENTIFICADOR

   26 Sentencia_opt: Sentencias
   27              | ε

   28 $@6: ε

   29 Sentencias: Sentencias $@6 Sentencia

   30 $@7: ε

   31 Sentencias: $@7 Sentencia

   32 Sentencia: bloque
   33          | sentencia_if
   34          | sentencia_while
   35          | sentencia_entrada
   36          | sentencia_salida
   37          | sentencia_return
   38          | sentencia_repeat
   39          | sentencia_asignacion
   40          | sentencia_listas
   41          | error

   42 sentencia_entrada: NOMB_ENTRADA lista_variables_entrada PYC

   43 sentencia_salida: NOMB_SALIDA lista_expresiones_o_cadena PYC

   44 sentencia_listas: LISTA_SENT_IZQ IDENTIFICADOR
   45                 | IDENTIFICADOR LISTA_SENT_DER

   46 expresion: OP_UN_NEG expresion
   47          | OP_UN_SHARP expresion
   48          | OP_UN_QUEST expresion
   49          | OP_MAS_MAS expresion
   50          | OP_MENOS_MENOS expresion
   51          | expresion OP_MAS_MENOS expresion
   52          | OP_MAS_MENOS expresion
   53          | expresion OP_BIN_MULTDIV expresion
   54          | expresion OP_LOGICOS_AND expresion
   55          | expresion OP_LOGICOS_OR expresion
   56          | expresion OP_RELACION expresion
   57          | expresion OP_IGUALDAD expresion
   58          | expresion OP_BIN_TERN_PRIM expresion
   59          | expresion OP_MENOS_MENOS expresion
   60          | expresion OP_BIN_TERN_PRIM expresion OP_MAS_MAS expresion
   61          | IDENTIFICADOR
   62          | constante
   63          | lista
   64          | llamada_funcion
   65          | PAR_IZQ expresion PAR_DER
   66          | error

   67 constante: constante_base
   68          | constante_lista

   69 constante_base: CONST_INT
   70               | CONST_FLOAT
   71               | CONST_BOOL
   72               | CONST_CHAR

   73 constante_lista: CORCH_IZQ constante_lista_int CORCH_DER
   74                | CORCH_IZQ constante_lista_float CORCH_DER
   75                | CORCH_IZQ constante_lista_bool CORCH_DER
   76                | CORCH_IZQ constante_lista_char CORCH_DER

   77 constante_lista_int: constante_lista_int COMA CONST_INT
   78                    | CONST_INT

   79 constante_lista_float: constante_lista_float COMA CONST_FLOAT
   80                      | CONST_FLOAT

   81 constante_lista_bool: constante_lista_bool COMA CONST_BOOL
   82                     | CONST_BOOL

   83 constante_lista_char: constante_lista_char COMA CONST_CHAR
   84                     | CONST_CHAR

   85 sentencia_asignacion: IDENTIFICADOR ASIGN expresion PYC

   86 sentencia_if: ID_IF PAR_IZQ expresion PAR_DER Sentencia
   87             | ID_IF PAR_IZQ expresion PAR_DER Sentencia ID_ELSE Sentencia

   88 sentencia_while: ID_WHILE PAR_IZQ expresion PAR_DER Sentencia

   89 sentencia_repeat: ID_REPEAT Sentencia ID_UNTIL PAR_IZQ expresion PAR_DER PYC

   90 @8: ε

   91 sentencia_return: ID_RETURN expresion @8 PYC

   92 lista_variables_entrada: lista_variables_entrada COMA IDENTIFICADOR
   93                        | IDENTIFICADOR

   94 lista_expresiones_o_cadena: lista_expresiones_o_cadena COMA expresion
   95                           | lista_expresiones_o_cadena COMA CADENA
   96                           | expresion
   97                           | sentencia_listas
   98                           | CADENA

   99 lista: CORCH_IZQ lista_variables_entrada CORCH_DER

  100 llamada_funcion: IDENTIFICADOR PAR_IZQ lista_expresiones PAR_DER

  101 lista_expresiones: lista_expresiones COMA expresion
  102                  | expresion
  103                  | ε


Terminales con las reglas donde aparecen

    $end (0) 0
    error (256) 17 41 66
    CABECERA_PROGRAMA (258) 1
    TIPO_PRIM (259) 18 19
    TIPO_LISTA (260) 19
    ID_IF (261) 86 87
    ID_ELSE (262) 87
    ID_WHILE (263) 88
    ID_REPEAT (264) 89
    ID_UNTIL (265) 89
    ID_RETURN (266) 91
    NOMB_ENTRADA (267) 42
    NOMB_SALIDA (268) 43
    LISTA_SENT_DER (269) 45
    LISTA_SENT_IZQ (270) 44
    EXPR_LISTA_IZQ (271)
    EXPR_LISTA_DER (272)
    OP_UN_DELANTE (273)
    OP_BIN_TERN_PRIM (274) 58 60
    OP_BIN_TERN_SEG (275)
    OP_BINARIO (276)
    OP_UNARIO (277)
    OP_UN_BIN (278)
    IDENTIFICADOR (279) 15 16 21 24 25 44 45 61 85 92 93 100
    CADENA (280) 95 98
    PAR_IZQ (281) 21 65 86 87 88 89 100
    PAR_DER (282) 21 65 86 87 88 89 100
    CORCH_IZQ (283) 73 74 75 76 99
    CORCH_DER (284) 73 74 75 76 99
    LLAVE_IZQ (285) 3
    LLAVE_DER (286) 3
    COMA (287) 15 25 77 79 81 83 92 94 95 101
    PYC (288) 14 42 43 85 89 91
    ASIGN (289) 85
    IVAR (290) 9
    FVAR (291) 9
    OP_BIN_MULTDIV (292) 53
    OP_RELACION (293) 56
    OP_IGUALDAD (294) 57
    OP_LOGICOS_OR (295) 55
    OP_LOGICOS_AND (296) 54
    OP_BINARIO_LISTAS (297)
    OP_TER_LIST (298)
    OP_MAS_MENOS (299) 51 52
    OP_UN_NEG (300) 46
    OP_UN_SHARP (301) 47
    OP_UN_QUEST (302) 48
    OP_MENOS_MENOS (303) 50 59
    OP_MAS_MAS (304) 49 60
    CONST_INT (305) 69 77 78
    CONST_FLOAT (306) 70 79 80
    CONST_BOOL (307) 71 81 82
    CONST_CHAR (308) 72 83 84


No terminales con las reglas donde aparecen

    $accept (54)
        on left: 0
    programa (55)
        on left: 1
        on right: 0
    bloque (56)
        on left: 3
        on right: 1 7 32
    $@1 (57)
        on left: 2
        on right: 3
    Declar_de_subprogs (58)
        on left: 4 5
        on right: 3 4
    Declar_subprog (59)
        on left: 7
        on right: 4
    $@2 (60)
        on left: 6
        on right: 7
    Declar_de_variables_locales (61)
        on left: 9 10
        on right: 3
    $@3 (62)
        on left: 8
        on right: 9
    decl_variables (63)
        on left: 11 12
        on right: 9 11
    lista_variables (64)
        on left: 14
        on right: 11 12
    $@4 (65)
        on left: 13
        on right: 14
    lista_ident (66)
        on left: 15 16 17
        on right: 14 15
    tipo (67)
        on left: 18 19
        on right: 14 21 24 25
    Cabecera_subprog (68)
        on left: 21
        on right: 7
    $@5 (69)
        on left: 20
        on right: 21
    lista_arg (70)
        on left: 22 23
        on right: 21
    argumentos (71)
        on left: 24 25
        on right: 22 25
    Sentencia_opt (72)
        on left: 26 27
        on right: 3
    Sentencias (73)
        on left: 29 31
        on right: 26 29
    $@6 (74)
        on left: 28
        on right: 29
    $@7 (75)
        on left: 30
        on right: 31
    Sentencia (76)
        on left: 32 33 34 35 36 37 38 39 40 41
        on right: 29 31 86 87 88 89
    sentencia_entrada (77)
        on left: 42
        on right: 35
    sentencia_salida (78)
        on left: 43
        on right: 36
    sentencia_listas (79)
        on left: 44 45
        on right: 40 97
    expresion (80)
        on left: 46 47 48 49 50 51 52 53 54 55 56 57 58 59 60 61 62 63 64 65 66
        on right: 46 47 48 49 50 51 52 53 54 55 56 57 58 59 60 65 85 86 87 88 89 91 94 96 101 102
    constante (81)
        on left: 67 68
        on right: 62
    constante_base (82)
        on left: 69 70 71 72
        on right: 67
    constante_lista (83)
        on left: 73 74 75 76
        on right: 68
    constante_lista_int (84)
        on left: 77 78
        on right: 73 77
    constante_lista_float (85)
        on left: 79 80
        on right: 74 79
    constante_lista_bool (86)
        on left: 81 82
        on right: 75 81
    constante_lista_char (87)
        on left: 83 84
        on right: 76 83
    sentencia_asignacion (88)
        on left: 85
        on right: 39
    sentencia_if (89)
        on left: 86 87
        on right: 33
    sentencia_while (90)
        on left: 88
        on right: 34
    sentencia_repeat (91)
        on left: 89
        on right: 38
    sentencia_return (92)
        on left: 91
        on right: 37
    @8 (93)
        on left: 90
        on right: 91
    lista_variables_entrada (94)
        on left: 92 93
        on right: 42 92 99
    lista_expresiones_o_cadena (95)
        on left: 94 95 96 97 98
        on right: 43 94 95
    lista (96)
        on left: 99
        on right: 63
    llamada_funcion (97)
        on left: 100
        on right: 64
    lista_expresiones (98)
        on left: 101 102 103
        on right: 100 101


Estado 0

    0 $accept: • programa $end

    CABECERA_PROGRAMA  desplazar e ir al estado 1

    programa  ir al estado 2


Estado 1

    1 programa: CABECERA_PROGRAMA • bloque

    LLAVE_IZQ  desplazar e ir al estado 3

    bloque  ir al estado 4


Estado 2

    0 $accept: programa • $end

    $end  desplazar e ir al estado 5


Estado 3

    3 bloque: LLAVE_IZQ • $@1 Declar_de_variables_locales Declar_de_subprogs Sentencia_opt LLAVE_DER

    $default  reduce usando la regla 2 ($@1)

    $@1  ir al estado 6


Estado 4

    1 programa: CABECERA_PROGRAMA bloque •

    $default  reduce usando la regla 1 (programa)


Estado 5

    0 $accept: programa $end •

    $default  aceptar


Estado 6

    3 bloque: LLAVE_IZQ $@1 • Declar_de_variables_locales Declar_de_subprogs Sentencia_opt LLAVE_DER

    IVAR  desplazar e ir al estado 7

    $default  reduce usando la regla 10 (Declar_de_variables_locales)

    Declar_de_variables_locales  ir al estado 8


Estado 7

    9 Declar_de_variables_locales: IVAR • $@3 decl_variables FVAR

    $default  reduce usando la regla 8 ($@3)

    $@3  ir al estado 9


Estado 8

    3 bloque: LLAVE_IZQ $@1 Declar_de_variables_locales • Declar_de_subprogs Sentencia_opt LLAVE_DER

    $default  reduce usando la regla 5 (Declar_de_subprogs)

    Declar_de_subprogs  ir al estado 10


Estado 9

    9 Declar_de_variables_locales: IVAR $@3 • decl_variables FVAR

    TIPO_PRIM   desplazar e ir al estado 11
    TIPO_LISTA  desplazar e ir al estado 12

    decl_variables   ir al estado 13
    lista_variables  ir al estado 14
    tipo             ir al estado 15


Estado 10

    3 bloque: LLAVE_IZQ $@1 Declar_de_variables_locales Declar_de_subprogs • Sentencia_opt LLAVE_DER
    4 Declar_de_subprogs: Declar_de_subprogs • Declar_subprog

    TIPO_PRIM   desplazar e ir al estado 11
    TIPO_LISTA  desplazar e ir al estado 12

    LLAVE_DER  reduce usando la regla 27 (Sentencia_opt)
    $default   reduce usando la regla 30 ($@7)

    Declar_subprog    ir al estado 16
    tipo              ir al estado 17
    Cabecera_subprog  ir al estado 18
    Sentencia_opt     ir al estado 19
    Sentencias        ir al estado 20
    $@7               ir al estado 21


Estado 11

   18 tipo: TIPO_PRIM •

    $default  reduce usando la regla 18 (tipo)


Estado 12

   19 tipo: TIPO_LISTA • TIPO_PRIM

    TIPO_PRIM  desplazar e ir al estado 22


Estado 13

    9 Declar_de_variables_locales: IVAR $@3 decl_variables • FVAR
   11 decl_variables: decl_variables • lista_variables

    TIPO_PRIM   desplazar e ir al estado 11
    TIPO_LISTA  desplazar e ir al estado 12
    FVAR        desplazar e ir al estado 23

    lista_variables  ir al estado 24
    tipo             ir al estado 15


Estado 14

   12 decl_variables: lista_variables •

    $default  reduce usando la regla 12 (decl_variables)


Estado 15

   14 lista_variables: tipo • $@4 lista_ident PYC

    $default  reduce usando la regla 13 ($@4)

    $@4  ir al estado 25


Estado 16

    4 Declar_de_subprogs: Declar_de_subprogs Declar_subprog •

    $default  reduce usando la regla 4 (Declar_de_subprogs)


Estado 17

   21 Cabecera_subprog: tipo • IDENTIFICADOR $@5 PAR_IZQ lista_arg PAR_DER

    IDENTIFICADOR  desplazar e ir al estado 26


Estado 18

    7 Declar_subprog: Cabecera_subprog • $@2 bloque

    $default  reduce usando la regla 6 ($@2)

    $@2  ir al estado 27


Estado 19

    3 bloque: LLAVE_IZQ $@1 Declar_de_variables_locales Declar_de_subprogs Sentencia_opt • LLAVE_DER

    LLAVE_DER  desplazar e ir al estado 28


Estado 20

   26 Sentencia_opt: Sentencias •
   29 Sentencias: Sentencias • $@6 Sentencia

    LLAVE_DER  reduce usando la regla 26 (Sentencia_opt)
    $default   reduce usando la regla 28 ($@6)

    $@6  ir al estado 29


Estado 21

   31 Sentencias: $@7 • Sentencia

    error           desplazar e ir al estado 30
    ID_IF           desplazar e ir al estado 31
    ID_WHILE        desplazar e ir al estado 32
    ID_REPEAT       desplazar e ir al estado 33
    ID_RETURN       desplazar e ir al estado 34
    NOMB_ENTRADA    desplazar e ir al estado 35
    NOMB_SALIDA     desplazar e ir al estado 36
    LISTA_SENT_IZQ  desplazar e ir al estado 37
    IDENTIFICADOR   desplazar e ir al estado 38
    LLAVE_IZQ       desplazar e ir al estado 3

    bloque                ir al estado 39
    Sentencia             ir al estado 40
    sentencia_entrada     ir al estado 41
    sentencia_salida      ir al estado 42
    sentencia_listas      ir al estado 43
    sentencia_asignacion  ir al estado 44
    sentencia_if          ir al estado 45
    sentencia_while       ir al estado 46
    sentencia_repeat      ir al estado 47
    sentencia_return      ir al estado 48


Estado 22

   19 tipo: TIPO_LISTA TIPO_PRIM •

    $default  reduce usando la regla 19 (tipo)


Estado 23

    9 Declar_de_variables_locales: IVAR $@3 decl_variables FVAR •

    $default  reduce usando la regla 9 (Declar_de_variables_locales)


Estado 24

   11 decl_variables: decl_variables lista_variables •

    $default  reduce usando la regla 11 (decl_variables)


Estado 25

   14 lista_variables: tipo $@4 • lista_ident PYC

    error          desplazar e ir al estado 49
    IDENTIFICADOR  desplazar e ir al estado 50

    lista_ident  ir al estado 51


Estado 26

   21 Cabecera_subprog: tipo IDENTIFICADOR • $@5 PAR_IZQ lista_arg PAR_DER

    $default  reduce usando la regla 20 ($@5)

    $@5  ir al estado 52


Estado 27

    7 Declar_subprog: Cabecera_subprog $@2 • bloque

    LLAVE_IZQ  desplazar e ir al estado 3

    bloque  ir al estado 53


Estado 28

    3 bloque: LLAVE_IZQ $@1 Declar_de_variables_locales Declar_de_subprogs Sentencia_opt LLAVE_DER •

    $default  reduce usando la regla 3 (bloque)


Estado 29

   29 Sentencias: Sentencias $@6 • Sentencia

    error           desplazar e ir al estado 30
    ID_IF           desplazar e ir al estado 31
    ID_WHILE        desplazar e ir al estado 32
    ID_REPEAT       desplazar e ir al estado 33
    ID_RETURN       desplazar e ir al estado 34
    NOMB_ENTRADA    desplazar e ir al estado 35
    NOMB_SALIDA     desplazar e ir al estado 36
    LISTA_SENT_IZQ  desplazar e ir al estado 37
    IDENTIFICADOR   desplazar e ir al estado 38
    LLAVE_IZQ       desplazar e ir al estado 3

    bloque                ir al estado 39
    Sentencia             ir al estado 54
    sentencia_entrada     ir al estado 41
    sentencia_salida      ir al estado 42
    sentencia_listas      ir al estado 43
    sentencia_asignacion  ir al estado 44
    sentencia_if          ir al estado 45
    sentencia_while       ir al estado 46
    sentencia_repeat      ir al estado 47
    sentencia_return      ir al estado 48


Estado 30

   41 Sentencia: error •

    $default  reduce usando la regla 41 (Sentencia)


Estado 31

   86 sentencia_if: ID_IF • PAR_IZQ expresion PAR_DER Sentencia
   87             | ID_IF • PAR_IZQ expresion PAR_DER Sentencia ID_ELSE Sentencia

    PAR_IZQ  desplazar e ir al estado 55


Estado 32

   88 sentencia_while: ID_WHILE • PAR_IZQ expresion PAR_DER Sentencia

    PAR_IZQ  desplazar e ir al estado 56


Estado 33

   89 sentencia_repeat: ID_REPEAT • Sentencia ID_UNTIL PAR_IZQ expresion PAR_DER PYC

    error           desplazar e ir al estado 30
    ID_IF           desplazar e ir al estado 31
    ID_WHILE        desplazar e ir al estado 32
    ID_REPEAT       desplazar e ir al estado 33
    ID_RETURN       desplazar e ir al estado 34
    NOMB_ENTRADA    desplazar e ir al estado 35
    NOMB_SALIDA     desplazar e ir al estado 36
    LISTA_SENT_IZQ  desplazar e ir al estado 37
    IDENTIFICADOR   desplazar e ir al estado 38
    LLAVE_IZQ       desplazar e ir al estado 3

    bloque                ir al estado 39
    Sentencia             ir al estado 57
    sentencia_entrada     ir al estado 41
    sentencia_salida      ir al estado 42
    sentencia_listas      ir al estado 43
    sentencia_asignacion  ir al estado 44
    sentencia_if          ir al estado 45
    sentencia_while       ir al estado 46
    sentencia_repeat      ir al estado 47
    sentencia_return      ir al estado 48


Estado 34

   91 sentencia_return: ID_RETURN • expresion @8 PYC

    error           desplazar e ir al estado 58
    IDENTIFICADOR   desplazar e ir al estado 59
    PAR_IZQ         desplazar e ir al estado 60
    CORCH_IZQ       desplazar e ir al estado 61
    OP_MAS_MENOS    desplazar e ir al estado 62
    OP_UN_NEG       desplazar e ir al estado 63
    OP_UN_SHARP     desplazar e ir al estado 64
    OP_UN_QUEST     desplazar e ir al estado 65
    OP_MENOS_MENOS  desplazar e ir al estado 66
    OP_MAS_MAS      desplazar e ir al estado 67
    CONST_INT       desplazar e ir al estado 68
    CONST_FLOAT     desplazar e ir al estado 69
    CONST_BOOL      desplazar e ir al estado 70
    CONST_CHAR      desplazar e ir al estado 71

    expresion        ir al estado 72
    constante        ir al estado 73
    constante_base   ir al estado 74
    constante_lista  ir al estado 75
    lista            ir al estado 76
    llamada_funcion  ir al estado 77


Estado 35

   42 sentencia_entrada: NOMB_ENTRADA • lista_variables_entrada PYC

    IDENTIFICADOR  desplazar e ir al estado 78

    lista_variables_entrada  ir al estado 79


Estado 36

   43 sentencia_salida: NOMB_SALIDA • lista_expresiones_o_cadena PYC

    error           desplazar e ir al estado 58
    LISTA_SENT_IZQ  desplazar e ir al estado 37
    IDENTIFICADOR   desplazar e ir al estado 80
    CADENA          desplazar e ir al estado 81
    PAR_IZQ         desplazar e ir al estado 60
    CORCH_IZQ       desplazar e ir al estado 61
    OP_MAS_MENOS    desplazar e ir al estado 62
    OP_UN_NEG       desplazar e ir al estado 63
    OP_UN_SHARP     desplazar e ir al estado 64
    OP_UN_QUEST     desplazar e ir al estado 65
    OP_MENOS_MENOS  desplazar e ir al estado 66
    OP_MAS_MAS      desplazar e ir al estado 67
    CONST_INT       desplazar e ir al estado 68
    CONST_FLOAT     desplazar e ir al estado 69
    CONST_BOOL      desplazar e ir al estado 70
    CONST_CHAR      desplazar e ir al estado 71

    sentencia_listas            ir al estado 82
    expresion                   ir al estado 83
    constante                   ir al estado 73
    constante_base              ir al estado 74
    constante_lista             ir al estado 75
    lista_expresiones_o_cadena  ir al estado 84
    lista                       ir al estado 76
    llamada_funcion             ir al estado 77


Estado 37

   44 sentencia_listas: LISTA_SENT_IZQ • IDENTIFICADOR

    IDENTIFICADOR  desplazar e ir al estado 85


Estado 38

   45 sentencia_listas: IDENTIFICADOR • LISTA_SENT_DER
   85 sentencia_asignacion: IDENTIFICADOR • ASIGN expresion PYC

    LISTA_SENT_DER  desplazar e ir al estado 86
    ASIGN           desplazar e ir al estado 87


Estado 39

   32 Sentencia: bloque •

    $default  reduce usando la regla 32 (Sentencia)


Estado 40

   31 Sentencias: $@7 Sentencia •

    $default  reduce usando la regla 31 (Sentencias)


Estado 41

   35 Sentencia: sentencia_entrada •

    $default  reduce usando la regla 35 (Sentencia)


Estado 42

   36 Sentencia: sentencia_salida •

    $default  reduce usando la regla 36 (Sentencia)


Estado 43

   40 Sentencia: sentencia_listas •

    $default  reduce usando la regla 40 (Sentencia)


Estado 44

   39 Sentencia: sentencia_asignacion •

    $default  reduce usando la regla 39 (Sentencia)


Estado 45

   33 Sentencia: sentencia_if •

    $default  reduce usando la regla 33 (Sentencia)


Estado 46

   34 Sentencia: sentencia_while •

    $default  reduce usando la regla 34 (Sentencia)


Estado 47

   38 Sentencia: sentencia_repeat •

    $default  reduce usando la regla 38 (Sentencia)


Estado 48

   37 Sentencia: sentencia_return •

    $default  reduce usando la regla 37 (Sentencia)


Estado 49

   17 lista_ident: error •

    $default  reduce usando la regla 17 (lista_ident)


Estado 50

   16 lista_ident: IDENTIFICADOR •

    $default  reduce usando la regla 16 (lista_ident)


Estado 51

   14 lista_variables: tipo $@4 lista_ident • PYC
   15 lista_ident: lista_ident • COMA IDENTIFICADOR

    COMA  desplazar e ir al estado 88
    PYC   desplazar e ir al estado 89


Estado 52

   21 Cabecera_subprog: tipo IDENTIFICADOR $@5 • PAR_IZQ lista_arg PAR_DER

    PAR_IZQ  desplazar e ir al estado 90


Estado 53

    7 Declar_subprog: Cabecera_subprog $@2 bloque •

    $default  reduce usando la regla 7 (Declar_subprog)


Estado 54

   29 Sentencias: Sentencias $@6 Sentencia •

    $default  reduce usando la regla 29 (Sentencias)


Estado 55

   86 sentencia_if: ID_IF PAR_IZQ • expresion PAR_DER Sentencia
   87             | ID_IF PAR_IZQ • expresion PAR_DER Sentencia ID_ELSE Sentencia

    error           desplazar e ir al estado 58
    IDENTIFICADOR   desplazar e ir al estado 59
    PAR_IZQ         desplazar e ir al estado 60
    CORCH_IZQ       desplazar e ir al estado 61
    OP_MAS_MENOS    desplazar e ir al estado 62
    OP_UN_NEG       desplazar e ir al estado 63
    OP_UN_SHARP     desplazar e ir al estado 64
    OP_UN_QUEST     desplazar e ir al estado 65
    OP_MENOS_MENOS  desplazar e ir al estado 66
    OP_MAS_MAS      desplazar e ir al estado 67
    CONST_INT       desplazar e ir al estado 68
    CONST_FLOAT     desplazar e ir al estado 69
    CONST_BOOL      desplazar e ir al estado 70
    CONST_CHAR      desplazar e ir al estado 71

    expresion        ir al estado 91
    constante        ir al estado 73
    constante_base   ir al estado 74
    constante_lista  ir al estado 75
    lista            ir al estado 76
    llamada_funcion  ir al estado 77


Estado 56

   88 sentencia_while: ID_WHILE PAR_IZQ • expresion PAR_DER Sentencia

    error           desplazar e ir al estado 58
    IDENTIFICADOR   desplazar e ir al estado 59
    PAR_IZQ         desplazar e ir al estado 60
    CORCH_IZQ       desplazar e ir al estado 61
    OP_MAS_MENOS    desplazar e ir al estado 62
    OP_UN_NEG       desplazar e ir al estado 63
    OP_UN_SHARP     desplazar e ir al estado 64
    OP_UN_QUEST     desplazar e ir al estado 65
    OP_MENOS_MENOS  desplazar e ir al estado 66
    OP_MAS_MAS      desplazar e ir al estado 67
    CONST_INT       desplazar e ir al estado 68
    CONST_FLOAT     desplazar e ir al estado 69
    CONST_BOOL      desplazar e ir al estado 70
    CONST_CHAR      desplazar e ir al estado 71

    expresion        ir al estado 92
    constante        ir al estado 73
    constante_base   ir al estado 74
    constante_lista  ir al estado 75
    lista            ir al estado 76
    llamada_funcion  ir al estado 77


Estado 57

   89 sentencia_repeat: ID_REPEAT Sentencia • ID_UNTIL PAR_IZQ expresion PAR_DER PYC

    ID_UNTIL  desplazar e ir al estado 93


Estado 58

   66 expresion: error •

    $default  reduce usando la regla 66 (expresion)


Estado 59

   61 expresion: IDENTIFICADOR •
  100 llamada_funcion: IDENTIFICADOR • PAR_IZQ lista_expresiones PAR_DER

    PAR_IZQ  desplazar e ir al estado 94

    $default  reduce usando la regla 61 (expresion)


Estado 60

   65 expresion: PAR_IZQ • expresion PAR_DER

    error           desplazar e ir al estado 58
    IDENTIFICADOR   desplazar e ir al estado 59
    PAR_IZQ         desplazar e ir al estado 60
    CORCH_IZQ       desplazar e ir al estado 61
    OP_MAS_MENOS    desplazar e ir al estado 62
    OP_UN_NEG       desplazar e ir al estado 63
    OP_UN_SHARP     desplazar e ir al estado 64
    OP_UN_QUEST     desplazar e ir al estado 65
    OP_MENOS_MENOS  desplazar e ir al estado 66
    OP_MAS_MAS      desplazar e ir al estado 67
    CONST_INT       desplazar e ir al estado 68
    CONST_FLOAT     desplazar e ir al estado 69
    CONST_BOOL      desplazar e ir al estado 70
    CONST_CHAR      desplazar e ir al estado 71

    expresion        ir al estado 95
    constante        ir al estado 73
    constante_base   ir al estado 74
    constante_lista  ir al estado 75
    lista            ir al estado 76
    llamada_funcion  ir al estado 77


Estado 61

   73 constante_lista: CORCH_IZQ • constante_lista_int CORCH_DER
   74                | CORCH_IZQ • constante_lista_float CORCH_DER
   75                | CORCH_IZQ • constante_lista_bool CORCH_DER
   76                | CORCH_IZQ • constante_lista_char CORCH_DER
   99 lista: CORCH_IZQ • lista_variables_entrada CORCH_DER

    IDENTIFICADOR  desplazar e ir al estado 78
    CONST_INT      desplazar e ir al estado 96
    CONST_FLOAT    desplazar e ir al estado 97
    CONST_BOOL     desplazar e ir al estado 98
    CONST_CHAR     desplazar e ir al estado 99

    constante_lista_int      ir al estado 100
    constante_lista_float    ir al estado 101
    constante_lista_bool     ir al estado 102
    constante_lista_char     ir al estado 103
    lista_variables_entrada  ir al estado 104


Estado 62

   52 expresion: OP_MAS_MENOS • expresion

    error           desplazar e ir al estado 58
    IDENTIFICADOR   desplazar e ir al estado 59
    PAR_IZQ         desplazar e ir al estado 60
    CORCH_IZQ       desplazar e ir al estado 61
    OP_MAS_MENOS    desplazar e ir al estado 62
    OP_UN_NEG       desplazar e ir al estado 63
    OP_UN_SHARP     desplazar e ir al estado 64
    OP_UN_QUEST     desplazar e ir al estado 65
    OP_MENOS_MENOS  desplazar e ir al estado 66
    OP_MAS_MAS      desplazar e ir al estado 67
    CONST_INT       desplazar e ir al estado 68
    CONST_FLOAT     desplazar e ir al estado 69
    CONST_BOOL      desplazar e ir al estado 70
    CONST_CHAR      desplazar e ir al estado 71

    expresion        ir al estado 105
    constante        ir al estado 73
    constante_base   ir al estado 74
    constante_lista  ir al estado 75
    lista            ir al estado 76
    llamada_funcion  ir al estado 77


Estado 63

   46 expresion: OP_UN_NEG • expresion

    error           desplazar e ir al estado 58
    IDENTIFICADOR   desplazar e ir al estado 59
    PAR_IZQ         desplazar e ir al estado 60
    CORCH_IZQ       desplazar e ir al estado 61
    OP_MAS_MENOS    desplazar e ir al estado 62
    OP_UN_NEG       desplazar e ir al estado 63
    OP_UN_SHARP     desplazar e ir al estado 64
    OP_UN_QUEST     desplazar e ir al estado 65
    OP_MENOS_MENOS  desplazar e ir al estado 66
    OP_MAS_MAS      desplazar e ir al estado 67
    CONST_INT       desplazar e ir al estado 68
    CONST_FLOAT     desplazar e ir al estado 69
    CONST_BOOL      desplazar e ir al estado 70
    CONST_CHAR      desplazar e ir al estado 71

    expresion        ir al estado 106
    constante        ir al estado 73
    constante_base   ir al estado 74
    constante_lista  ir al estado 75
    lista            ir al estado 76
    llamada_funcion  ir al estado 77


Estado 64

   47 expresion: OP_UN_SHARP • expresion

    error           desplazar e ir al estado 58
    IDENTIFICADOR   desplazar e ir al estado 59
    PAR_IZQ         desplazar e ir al estado 60
    CORCH_IZQ       desplazar e ir al estado 61
    OP_MAS_MENOS    desplazar e ir al estado 62
    OP_UN_NEG       desplazar e ir al estado 63
    OP_UN_SHARP     desplazar e ir al estado 64
    OP_UN_QUEST     desplazar e ir al estado 65
    OP_MENOS_MENOS  desplazar e ir al estado 66
    OP_MAS_MAS      desplazar e ir al estado 67
    CONST_INT       desplazar e ir al estado 68
    CONST_FLOAT     desplazar e ir al estado 69
    CONST_BOOL      desplazar e ir al estado 70
    CONST_CHAR      desplazar e ir al estado 71

    expresion        ir al estado 107
    constante        ir al estado 73
    constante_base   ir al estado 74
    constante_lista  ir al estado 75
    lista            ir al estado 76
    llamada_funcion  ir al estado 77


Estado 65

   48 expresion: OP_UN_QUEST • expresion

    error           desplazar e ir al estado 58
    IDENTIFICADOR   desplazar e ir al estado 59
    PAR_IZQ         desplazar e ir al estado 60
    CORCH_IZQ       desplazar e ir al estado 61
    OP_MAS_MENOS    desplazar e ir al estado 62
    OP_UN_NEG       desplazar e ir al estado 63
    OP_UN_SHARP     desplazar e ir al estado 64
    OP_UN_QUEST     desplazar e ir al estado 65
    OP_MENOS_MENOS  desplazar e ir al estado 66
    OP_MAS_MAS      desplazar e ir al estado 67
    CONST_INT       desplazar e ir al estado 68
    CONST_FLOAT     desplazar e ir al estado 69
    CONST_BOOL      desplazar e ir al estado 70
    CONST_CHAR      desplazar e ir al estado 71

    expresion        ir al estado 108
    constante        ir al estado 73
    constante_base   ir al estado 74
    constante_lista  ir al estado 75
    lista            ir al estado 76
    llamada_funcion  ir al estado 77


Estado 66

   50 expresion: OP_MENOS_MENOS • expresion

    error           desplazar e ir al estado 58
    IDENTIFICADOR   desplazar e ir al estado 59
    PAR_IZQ         desplazar e ir al estado 60
    CORCH_IZQ       desplazar e ir al estado 61
    OP_MAS_MENOS    desplazar e ir al estado 62
    OP_UN_NEG       desplazar e ir al estado 63
    OP_UN_SHARP     desplazar e ir al estado 64
    OP_UN_QUEST     desplazar e ir al estado 65
    OP_MENOS_MENOS  desplazar e ir al estado 66
    OP_MAS_MAS      desplazar e ir al estado 67
    CONST_INT       desplazar e ir al estado 68
    CONST_FLOAT     desplazar e ir al estado 69
    CONST_BOOL      desplazar e ir al estado 70
    CONST_CHAR      desplazar e ir al estado 71

    expresion        ir al estado 109
    constante        ir al estado 73
    constante_base   ir al estado 74
    constante_lista  ir al estado 75
    lista            ir al estado 76
    llamada_funcion  ir al estado 77


Estado 67

   49 expresion: OP_MAS_MAS • expresion

    error           desplazar e ir al estado 58
    IDENTIFICADOR   desplazar e ir al estado 59
    PAR_IZQ         desplazar e ir al estado 60
    CORCH_IZQ       desplazar e ir al estado 61
    OP_MAS_MENOS    desplazar e ir al estado 62
    OP_UN_NEG       desplazar e ir al estado 63
    OP_UN_SHARP     desplazar e ir al estado 64
    OP_UN_QUEST     desplazar e ir al estado 65
    OP_MENOS_MENOS  desplazar e ir al estado 66
    OP_MAS_MAS      desplazar e ir al estado 67
    CONST_INT       desplazar e ir al estado 68
    CONST_FLOAT     desplazar e ir al estado 69
    CONST_BOOL      desplazar e ir al estado 70
    CONST_CHAR      desplazar e ir al estado 71

    expresion        ir al estado 110
    constante        ir al estado 73
    constante_base   ir al estado 74
    constante_lista  ir al estado 75
    lista            ir al estado 76
    llamada_funcion  ir al estado 77


Estado 68

   69 constante_base: CONST_INT •

    $default  reduce usando la regla 69 (constante_base)


Estado 69

   70 constante_base: CONST_FLOAT •

    $default  reduce usando la regla 70 (constante_base)


Estado 70

   71 constante_base: CONST_BOOL •

    $default  reduce usando la regla 71 (constante_base)


Estado 71

   72 constante_base: CONST_CHAR •

    $default  reduce usando la regla 72 (constante_base)


Estado 72

   51 expresion: expresion • OP_MAS_MENOS expresion
   53          | expresion • OP_BIN_MULTDIV expresion
   54          | expresion • OP_LOGICOS_AND expresion
   55          | expresion • OP_LOGICOS_OR expresion
   56          | expresion • OP_RELACION expresion
   57          | expresion • OP_IGUALDAD expresion
   58          | expresion • OP_BIN_TERN_PRIM expresion
   59          | expresion • OP_MENOS_MENOS expresion
   60          | expresion • OP_BIN_TERN_PRIM expresion OP_MAS_MAS expresion
   91 sentencia_return: ID_RETURN expresion • @8 PYC

    OP_BIN_TERN_PRIM  desplazar e ir al estado 111
    OP_BIN_MULTDIV    desplazar e ir al estado 112
    OP_RELACION       desplazar e ir al estado 113
    OP_IGUALDAD       desplazar e ir al estado 114
    OP_LOGICOS_OR     desplazar e ir al estado 115
    OP_LOGICOS_AND    desplazar e ir al estado 116
    OP_MAS_MENOS      desplazar e ir al estado 117
    OP_MENOS_MENOS    desplazar e ir al estado 118

    $default  reduce usando la regla 90 (@8)

    @8  ir al estado 119


Estado 73

   62 expresion: constante •

    $default  reduce usando la regla 62 (expresion)


Estado 74

   67 constante: constante_base •

    $default  reduce usando la regla 67 (constante)


Estado 75

   68 constante: constante_lista •

    $default  reduce usando la regla 68 (constante)


Estado 76

   63 expresion: lista •

    $default  reduce usando la regla 63 (expresion)


Estado 77

   64 expresion: llamada_funcion •

    $default  reduce usando la regla 64 (expresion)


Estado 78

   93 lista_variables_entrada: IDENTIFICADOR •

    $default  reduce usando la regla 93 (lista_variables_entrada)


Estado 79

   42 sentencia_entrada: NOMB_ENTRADA lista_variables_entrada • PYC
   92 lista_variables_entrada: lista_variables_entrada • COMA IDENTIFICADOR

    COMA  desplazar e ir al estado 120
    PYC   desplazar e ir al estado 121


Estado 80

   45 sentencia_listas: IDENTIFICADOR • LISTA_SENT_DER
   61 expresion: IDENTIFICADOR •
  100 llamada_funcion: IDENTIFICADOR • PAR_IZQ lista_expresiones PAR_DER

    LISTA_SENT_DER  desplazar e ir al estado 86
    PAR_IZQ         desplazar e ir al estado 94

    $default  reduce usando la regla 61 (expresion)


Estado 81

   98 lista_expresiones_o_cadena: CADENA •

    $default  reduce usando la regla 98 (lista_expresiones_o_cadena)


Estado 82

   97 lista_expresiones_o_cadena: sentencia_listas •

    $default  reduce usando la regla 97 (lista_expresiones_o_cadena)


Estado 83

   51 expresion: expresion • OP_MAS_MENOS expresion
   53          | expresion • OP_BIN_MULTDIV expresion
   54          | expresion • OP_LOGICOS_AND expresion
   55          | expresion • OP_LOGICOS_OR expresion
   56          | expresion • OP_RELACION expresion
   57          | expresion • OP_IGUALDAD expresion
   58          | expresion • OP_BIN_TERN_PRIM expresion
   59          | expresion • OP_MENOS_MENOS expresion
   60          | expresion • OP_BIN_TERN_PRIM expresion OP_MAS_MAS expresion
   96 lista_expresiones_o_cadena: expresion •

    OP_BIN_TERN_PRIM  desplazar e ir al estado 111
    OP_BIN_MULTDIV    desplazar e ir al estado 112
    OP_RELACION       desplazar e ir al estado 113
    OP_IGUALDAD       desplazar e ir al estado 114
    OP_LOGICOS_OR     desplazar e ir al estado 115
    OP_LOGICOS_AND    desplazar e ir al estado 116
    OP_MAS_MENOS      desplazar e ir al estado 117
    OP_MENOS_MENOS    desplazar e ir al estado 118

    $default  reduce usando la regla 96 (lista_expresiones_o_cadena)


Estado 84

   43 sentencia_salida: NOMB_SALIDA lista_expresiones_o_cadena • PYC
   94 lista_expresiones_o_cadena: lista_expresiones_o_cadena • COMA expresion
   95                           | lista_expresiones_o_cadena • COMA CADENA

    COMA  desplazar e ir al estado 122
    PYC   desplazar e ir al estado 123


Estado 85

   44 sentencia_listas: LISTA_SENT_IZQ IDENTIFICADOR •

    $default  reduce usando la regla 44 (sentencia_listas)


Estado 86

   45 sentencia_listas: IDENTIFICADOR LISTA_SENT_DER •

    $default  reduce usando la regla 45 (sentencia_listas)


Estado 87

   85 sentencia_asignacion: IDENTIFICADOR ASIGN • expresion PYC

    error           desplazar e ir al estado 58
    IDENTIFICADOR   desplazar e ir al estado 59
    PAR_IZQ         desplazar e ir al estado 60
    CORCH_IZQ       desplazar e ir al estado 61
    OP_MAS_MENOS    desplazar e ir al estado 62
    OP_UN_NEG       desplazar e ir al estado 63
    OP_UN_SHARP     desplazar e ir al estado 64
    OP_UN_QUEST     desplazar e ir al estado 65
    OP_MENOS_MENOS  desplazar e ir al estado 66
    OP_MAS_MAS      desplazar e ir al estado 67
    CONST_INT       desplazar e ir al estado 68
    CONST_FLOAT     desplazar e ir al estado 69
    CONST_BOOL      desplazar e ir al estado 70
    CONST_CHAR      desplazar e ir al estado 71

    expresion        ir al estado 124
    constante        ir al estado 73
    constante_base   ir al estado 74
    constante_lista  ir al estado 75
    lista            ir al estado 76
    llamada_funcion  ir al estado 77


Estado 88

   15 lista_ident: lista_ident COMA • IDENTIFICADOR

    IDENTIFICADOR  desplazar e ir al estado 125


Estado 89

   14 lista_variables: tipo $@4 lista_ident PYC •

    $default  reduce usando la regla 14 (lista_variables)


Estado 90

   21 Cabecera_subprog: tipo IDENTIFICADOR $@5 PAR_IZQ • lista_arg PAR_DER

    TIPO_PRIM   desplazar e ir al estado 11
    TIPO_LISTA  desplazar e ir al estado 12

    $default  reduce usando la regla 23 (lista_arg)

    tipo        ir al estado 126
    lista_arg   ir al estado 127
    argumentos  ir al estado 128


Estado 91

   51 expresion: expresion • OP_MAS_MENOS expresion
   53          | expresion • OP_BIN_MULTDIV expresion
   54          | expresion • OP_LOGICOS_AND expresion
   55          | expresion • OP_LOGICOS_OR expresion
   56          | expresion • OP_RELACION expresion
   57          | expresion • OP_IGUALDAD expresion
   58          | expresion • OP_BIN_TERN_PRIM expresion
   59          | expresion • OP_MENOS_MENOS expresion
   60          | expresion • OP_BIN_TERN_PRIM expresion OP_MAS_MAS expresion
   86 sentencia_if: ID_IF PAR_IZQ expresion • PAR_DER Sentencia
   87             | ID_IF PAR_IZQ expresion • PAR_DER Sentencia ID_ELSE Sentencia

    OP_BIN_TERN_PRIM  desplazar e ir al estado 111
    PAR_DER           desplazar e ir al estado 129
    OP_BIN_MULTDIV    desplazar e ir al estado 112
    OP_RELACION       desplazar e ir al estado 113
    OP_IGUALDAD       desplazar e ir al estado 114
    OP_LOGICOS_OR     desplazar e ir al estado 115
    OP_LOGICOS_AND    desplazar e ir al estado 116
    OP_MAS_MENOS      desplazar e ir al estado 117
    OP_MENOS_MENOS    desplazar e ir al estado 118


Estado 92

   51 expresion: expresion • OP_MAS_MENOS expresion
   53          | expresion • OP_BIN_MULTDIV expresion
   54          | expresion • OP_LOGICOS_AND expresion
   55          | expresion • OP_LOGICOS_OR expresion
   56          | expresion • OP_RELACION expresion
   57          | expresion • OP_IGUALDAD expresion
   58          | expresion • OP_BIN_TERN_PRIM expresion
   59          | expresion • OP_MENOS_MENOS expresion
   60          | expresion • OP_BIN_TERN_PRIM expresion OP_MAS_MAS expresion
   88 sentencia_while: ID_WHILE PAR_IZQ expresion • PAR_DER Sentencia

    OP_BIN_TERN_PRIM  desplazar e ir al estado 111
    PAR_DER           desplazar e ir al estado 130
    OP_BIN_MULTDIV    desplazar e ir al estado 112
    OP_RELACION       desplazar e ir al estado 113
    OP_IGUALDAD       desplazar e ir al estado 114
    OP_LOGICOS_OR     desplazar e ir al estado 115
    OP_LOGICOS_AND    desplazar e ir al estado 116
    OP_MAS_MENOS      desplazar e ir al estado 117
    OP_MENOS_MENOS    desplazar e ir al estado 118


Estado 93

   89 sentencia_repeat: ID_REPEAT Sentencia ID_UNTIL • PAR_IZQ expresion PAR_DER PYC

    PAR_IZQ  desplazar e ir al estado 131


Estado 94

  100 llamada_funcion: IDENTIFICADOR PAR_IZQ • lista_expresiones PAR_DER

    error           desplazar e ir al estado 58
    IDENTIFICADOR   desplazar e ir al estado 59
    PAR_IZQ         desplazar e ir al estado 60
    CORCH_IZQ       desplazar e ir al estado 61
    OP_MAS_MENOS    desplazar e ir al estado 62
    OP_UN_NEG       desplazar e ir al estado 63
    OP_UN_SHARP     desplazar e ir al estado 64
    OP_UN_QUEST     desplazar e ir al estado 65
    OP_MENOS_MENOS  desplazar e ir al estado 66
    OP_MAS_MAS      desplazar e ir al estado 67
    CONST_INT       desplazar e ir al estado 68
    CONST_FLOAT     desplazar e ir al estado 69
    CONST_BOOL      desplazar e ir al estado 70
    CONST_CHAR      desplazar e ir al estado 71

    PAR_DER  reduce usando la regla 103 (lista_expresiones)
    COMA     reduce usando la regla 103 (lista_expresiones)

    expresion          ir al estado 132
    constante          ir al estado 73
    constante_base     ir al estado 74
    constante_lista    ir al estado 75
    lista              ir al estado 76
    llamada_funcion    ir al estado 77
    lista_expresiones  ir al estado 133


Estado 95

   51 expresion: expresion • OP_MAS_MENOS expresion
   53          | expresion • OP_BIN_MULTDIV expresion
   54          | expresion • OP_LOGICOS_AND expresion
   55          | expresion • OP_LOGICOS_OR expresion
   56          | expresion • OP_RELACION expresion
   57          | expresion • OP_IGUALDAD expresion
   58          | expresion • OP_BIN_TERN_PRIM expresion
   59          | expresion • OP_MENOS_MENOS expresion
   60          | expresion • OP_BIN_TERN_PRIM expresion OP_MAS_MAS expresion
   65          | PAR_IZQ expresion • PAR_DER

    OP_BIN_TERN_PRIM  desplazar e ir al estado 111
    PAR_DER           desplazar e ir al estado 134
    OP_BIN_MULTDIV    desplazar e ir al estado 112
    OP_RELACION       desplazar e ir al estado 113
    OP_IGUALDAD       desplazar e ir al estado 114
    OP_LOGICOS_OR     desplazar e ir al estado 115
    OP_LOGICOS_AND    desplazar e ir al estado 116
    OP_MAS_MENOS      desplazar e ir al estado 117
    OP_MENOS_MENOS    desplazar e ir al estado 118


Estado 96

   78 constante_lista_int: CONST_INT •

    $default  reduce usando la regla 78 (constante_lista_int)


Estado 97

   80 constante_lista_float: CONST_FLOAT •

    $default  reduce usando la regla 80 (constante_lista_float)


Estado 98

   82 constante_lista_bool: CONST_BOOL •

    $default  reduce usando la regla 82 (constante_lista_bool)


Estado 99

   84 constante_lista_char: CONST_CHAR •

    $default  reduce usando la regla 84 (constante_lista_char)


Estado 100

   73 constante_lista: CORCH_IZQ constante_lista_int • CORCH_DER
   77 constante_lista_int: constante_lista_int • COMA CONST_INT

    CORCH_DER  desplazar e ir al estado 135
    COMA       desplazar e ir al estado 136


Estado 101

   74 constante_lista: CORCH_IZQ constante_lista_float • CORCH_DER
   79 constante_lista_float: constante_lista_float • COMA CONST_FLOAT

    CORCH_DER  desplazar e ir al estado 137
    COMA       desplazar e ir al estado 138


Estado 102

   75 constante_lista: CORCH_IZQ constante_lista_bool • CORCH_DER
   81 constante_lista_bool: constante_lista_bool • COMA CONST_BOOL

    CORCH_DER  desplazar e ir al estado 139
    COMA       desplazar e ir al estado 140


Estado 103

   76 constante_lista: CORCH_IZQ constante_lista_char • CORCH_DER
   83 constante_lista_char: constante_lista_char • COMA CONST_CHAR

    CORCH_DER  desplazar e ir al estado 141
    COMA       desplazar e ir al estado 142


Estado 104

   92 lista_variables_entrada: lista_variables_entrada • COMA IDENTIFICADOR
   99 lista: CORCH_IZQ lista_variables_entrada • CORCH_DER

    CORCH_DER  desplazar e ir al estado 143
    COMA       desplazar e ir al estado 120


Estado 105

   51 expresion: expresion • OP_MAS_MENOS expresion
   52          | OP_MAS_MENOS expresion •
   53          | expresion • OP_BIN_MULTDIV expresion
   54          | expresion • OP_LOGICOS_AND expresion
   55          | expresion • OP_LOGICOS_OR expresion
   56          | expresion • OP_RELACION expresion
   57          | expresion • OP_IGUALDAD expresion
   58          | expresion • OP_BIN_TERN_PRIM expresion
   59          | expresion • OP_MENOS_MENOS expresion
   60          | expresion • OP_BIN_TERN_PRIM expresion OP_MAS_MAS expresion

    OP_MENOS_MENOS  desplazar e ir al estado 118

    $default  reduce usando la regla 52 (expresion)


Estado 106

   46 expresion: OP_UN_NEG expresion •
   51          | expresion • OP_MAS_MENOS expresion
   53          | expresion • OP_BIN_MULTDIV expresion
   54          | expresion • OP_LOGICOS_AND expresion
   55          | expresion • OP_LOGICOS_OR expresion
   56          | expresion • OP_RELACION expresion
   57          | expresion • OP_IGUALDAD expresion
   58          | expresion • OP_BIN_TERN_PRIM expresion
   59          | expresion • OP_MENOS_MENOS expresion
   60          | expresion • OP_BIN_TERN_PRIM expresion OP_MAS_MAS expresion

    OP_MENOS_MENOS  desplazar e ir al estado 118

    $default  reduce usando la regla 46 (expresion)


Estado 107

   47 expresion: OP_UN_SHARP expresion •
   51          | expresion • OP_MAS_MENOS expresion
   53          | expresion • OP_BIN_MULTDIV expresion
   54          | expresion • OP_LOGICOS_AND expresion
   55          | expresion • OP_LOGICOS_OR expresion
   56          | expresion • OP_RELACION expresion
   57          | expresion • OP_IGUALDAD expresion
   58          | expresion • OP_BIN_TERN_PRIM expresion
   59          | expresion • OP_MENOS_MENOS expresion
   60          | expresion • OP_BIN_TERN_PRIM expresion OP_MAS_MAS expresion

    OP_MENOS_MENOS  desplazar e ir al estado 118

    $default  reduce usando la regla 47 (expresion)


Estado 108

   48 expresion: OP_UN_QUEST expresion •
   51          | expresion • OP_MAS_MENOS expresion
   53          | expresion • OP_BIN_MULTDIV expresion
   54          | expresion • OP_LOGICOS_AND expresion
   55          | expresion • OP_LOGICOS_OR expresion
   56          | expresion • OP_RELACION expresion
   57          | expresion • OP_IGUALDAD expresion
   58          | expresion • OP_BIN_TERN_PRIM expresion
   59          | expresion • OP_MENOS_MENOS expresion
   60          | expresion • OP_BIN_TERN_PRIM expresion OP_MAS_MAS expresion

    OP_MENOS_MENOS  desplazar e ir al estado 118

    $default  reduce usando la regla 48 (expresion)


Estado 109

   50 expresion: OP_MENOS_MENOS expresion •
   51          | expresion • OP_MAS_MENOS expresion
   53          | expresion • OP_BIN_MULTDIV expresion
   54          | expresion • OP_LOGICOS_AND expresion
   55          | expresion • OP_LOGICOS_OR expresion
   56          | expresion • OP_RELACION expresion
   57          | expresion • OP_IGUALDAD expresion
   58          | expresion • OP_BIN_TERN_PRIM expresion
   59          | expresion • OP_MENOS_MENOS expresion
   60          | expresion • OP_BIN_TERN_PRIM expresion OP_MAS_MAS expresion

    OP_MENOS_MENOS  desplazar e ir al estado 118

    $default  reduce usando la regla 50 (expresion)


Estado 110

   49 expresion: OP_MAS_MAS expresion •
   51          | expresion • OP_MAS_MENOS expresion
   53          | expresion • OP_BIN_MULTDIV expresion
   54          | expresion • OP_LOGICOS_AND expresion
   55          | expresion • OP_LOGICOS_OR expresion
   56          | expresion • OP_RELACION expresion
   57          | expresion • OP_IGUALDAD expresion
   58          | expresion • OP_BIN_TERN_PRIM expresion
   59          | expresion • OP_MENOS_MENOS expresion
   60          | expresion • OP_BIN_TERN_PRIM expresion OP_MAS_MAS expresion

    $default  reduce usando la regla 49 (expresion)


Estado 111

   58 expresion: expresion OP_BIN_TERN_PRIM • expresion
   60          | expresion OP_BIN_TERN_PRIM • expresion OP_MAS_MAS expresion

    error           desplazar e ir al estado 58
    IDENTIFICADOR   desplazar e ir al estado 59
    PAR_IZQ         desplazar e ir al estado 60
    CORCH_IZQ       desplazar e ir al estado 61
    OP_MAS_MENOS    desplazar e ir al estado 62
    OP_UN_NEG       desplazar e ir al estado 63
    OP_UN_SHARP     desplazar e ir al estado 64
    OP_UN_QUEST     desplazar e ir al estado 65
    OP_MENOS_MENOS  desplazar e ir al estado 66
    OP_MAS_MAS      desplazar e ir al estado 67
    CONST_INT       desplazar e ir al estado 68
    CONST_FLOAT     desplazar e ir al estado 69
    CONST_BOOL      desplazar e ir al estado 70
    CONST_CHAR      desplazar e ir al estado 71

    expresion        ir al estado 144
    constante        ir al estado 73
    constante_base   ir al estado 74
    constante_lista  ir al estado 75
    lista            ir al estado 76
    llamada_funcion  ir al estado 77


Estado 112

   53 expresion: expresion OP_BIN_MULTDIV • expresion

    error           desplazar e ir al estado 58
    IDENTIFICADOR   desplazar e ir al estado 59
    PAR_IZQ         desplazar e ir al estado 60
    CORCH_IZQ       desplazar e ir al estado 61
    OP_MAS_MENOS    desplazar e ir al estado 62
    OP_UN_NEG       desplazar e ir al estado 63
    OP_UN_SHARP     desplazar e ir al estado 64
    OP_UN_QUEST     desplazar e ir al estado 65
    OP_MENOS_MENOS  desplazar e ir al estado 66
    OP_MAS_MAS      desplazar e ir al estado 67
    CONST_INT       desplazar e ir al estado 68
    CONST_FLOAT     desplazar e ir al estado 69
    CONST_BOOL      desplazar e ir al estado 70
    CONST_CHAR      desplazar e ir al estado 71

    expresion        ir al estado 145
    constante        ir al estado 73
    constante_base   ir al estado 74
    constante_lista  ir al estado 75
    lista            ir al estado 76
    llamada_funcion  ir al estado 77


Estado 113

   56 expresion: expresion OP_RELACION • expresion

    error           desplazar e ir al estado 58
    IDENTIFICADOR   desplazar e ir al estado 59
    PAR_IZQ         desplazar e ir al estado 60
    CORCH_IZQ       desplazar e ir al estado 61
    OP_MAS_MENOS    desplazar e ir al estado 62
    OP_UN_NEG       desplazar e ir al estado 63
    OP_UN_SHARP     desplazar e ir al estado 64
    OP_UN_QUEST     desplazar e ir al estado 65
    OP_MENOS_MENOS  desplazar e ir al estado 66
    OP_MAS_MAS      desplazar e ir al estado 67
    CONST_INT       desplazar e ir al estado 68
    CONST_FLOAT     desplazar e ir al estado 69
    CONST_BOOL      desplazar e ir al estado 70
    CONST_CHAR      desplazar e ir al estado 71

    expresion        ir al estado 146
    constante        ir al estado 73
    constante_base   ir al estado 74
    constante_lista  ir al estado 75
    lista            ir al estado 76
    llamada_funcion  ir al estado 77


Estado 114

   57 expresion: expresion OP_IGUALDAD • expresion

    error           desplazar e ir al estado 58
    IDENTIFICADOR   desplazar e ir al estado 59
    PAR_IZQ         desplazar e ir al estado 60
    CORCH_IZQ       desplazar e ir al estado 61
    OP_MAS_MENOS    desplazar e ir al estado 62
    OP_UN_NEG       desplazar e ir al estado 63
    OP_UN_SHARP     desplazar e ir al estado 64
    OP_UN_QUEST     desplazar e ir al estado 65
    OP_MENOS_MENOS  desplazar e ir al estado 66
    OP_MAS_MAS      desplazar e ir al estado 67
    CONST_INT       desplazar e ir al estado 68
    CONST_FLOAT     desplazar e ir al estado 69
    CONST_BOOL      desplazar e ir al estado 70
    CONST_CHAR      desplazar e ir al estado 71

    expresion        ir al estado 147
    constante        ir al estado 73
    constante_base   ir al estado 74
    constante_lista  ir al estado 75
    lista            ir al estado 76
    llamada_funcion  ir al estado 77


Estado 115

   55 expresion: expresion OP_LOGICOS_OR • expresion

    error           desplazar e ir al estado 58
    IDENTIFICADOR   desplazar e ir al estado 59
    PAR_IZQ         desplazar e ir al estado 60
    CORCH_IZQ       desplazar e ir al estado 61
    OP_MAS_MENOS    desplazar e ir al estado 62
    OP_UN_NEG       desplazar e ir al estado 63
    OP_UN_SHARP     desplazar e ir al estado 64
    OP_UN_QUEST     desplazar e ir al estado 65
    OP_MENOS_MENOS  desplazar e ir al estado 66
    OP_MAS_MAS      desplazar e ir al estado 67
    CONST_INT       desplazar e ir al estado 68
    CONST_FLOAT     desplazar e ir al estado 69
    CONST_BOOL      desplazar e ir al estado 70
    CONST_CHAR      desplazar e ir al estado 71

    expresion        ir al estado 148
    constante        ir al estado 73
    constante_base   ir al estado 74
    constante_lista  ir al estado 75
    lista            ir al estado 76
    llamada_funcion  ir al estado 77


Estado 116

   54 expresion: expresion OP_LOGICOS_AND • expresion

    error           desplazar e ir al estado 58
    IDENTIFICADOR   desplazar e ir al estado 59
    PAR_IZQ         desplazar e ir al estado 60
    CORCH_IZQ       desplazar e ir al estado 61
    OP_MAS_MENOS    desplazar e ir al estado 62
    OP_UN_NEG       desplazar e ir al estado 63
    OP_UN_SHARP     desplazar e ir al estado 64
    OP_UN_QUEST     desplazar e ir al estado 65
    OP_MENOS_MENOS  desplazar e ir al estado 66
    OP_MAS_MAS      desplazar e ir al estado 67
    CONST_INT       desplazar e ir al estado 68
    CONST_FLOAT     desplazar e ir al estado 69
    CONST_BOOL      desplazar e ir al estado 70
    CONST_CHAR      desplazar e ir al estado 71

    expresion        ir al estado 149
    constante        ir al estado 73
    constante_base   ir al estado 74
    constante_lista  ir al estado 75
    lista            ir al estado 76
    llamada_funcion  ir al estado 77


Estado 117

   51 expresion: expresion OP_MAS_MENOS • expresion

    error           desplazar e ir al estado 58
    IDENTIFICADOR   desplazar e ir al estado 59
    PAR_IZQ         desplazar e ir al estado 60
    CORCH_IZQ       desplazar e ir al estado 61
    OP_MAS_MENOS    desplazar e ir al estado 62
    OP_UN_NEG       desplazar e ir al estado 63
    OP_UN_SHARP     desplazar e ir al estado 64
    OP_UN_QUEST     desplazar e ir al estado 65
    OP_MENOS_MENOS  desplazar e ir al estado 66
    OP_MAS_MAS      desplazar e ir al estado 67
    CONST_INT       desplazar e ir al estado 68
    CONST_FLOAT     desplazar e ir al estado 69
    CONST_BOOL      desplazar e ir al estado 70
    CONST_CHAR      desplazar e ir al estado 71

    expresion        ir al estado 150
    constante        ir al estado 73
    constante_base   ir al estado 74
    constante_lista  ir al estado 75
    lista            ir al estado 76
    llamada_funcion  ir al estado 77


Estado 118

   59 expresion: expresion OP_MENOS_MENOS • expresion

    error           desplazar e ir al estado 58
    IDENTIFICADOR   desplazar e ir al estado 59
    PAR_IZQ         desplazar e ir al estado 60
    CORCH_IZQ       desplazar e ir al estado 61
    OP_MAS_MENOS    desplazar e ir al estado 62
    OP_UN_NEG       desplazar e ir al estado 63
    OP_UN_SHARP     desplazar e ir al estado 64
    OP_UN_QUEST     desplazar e ir al estado 65
    OP_MENOS_MENOS  desplazar e ir al estado 66
    OP_MAS_MAS      desplazar e ir al estado 67
    CONST_INT       desplazar e ir al estado 68
    CONST_FLOAT     desplazar e ir al estado 69
    CONST_BOOL      desplazar e ir al estado 70
    CONST_CHAR      desplazar e ir al estado 71

    expresion        ir al estado 151
    constante        ir al estado 73
    constante_base   ir al estado 74
    constante_lista  ir al estado 75
    lista            ir al estado 76
    llamada_funcion  ir al estado 77


Estado 119

   91 sentencia_return: ID_RETURN expresion @8 • PYC

    PYC  desplazar e ir al estado 152


Estado 120

   92 lista_variables_entrada: lista_variables_entrada COMA • IDENTIFICADOR

    IDENTIFICADOR  desplazar e ir al estado 153


Estado 121

   42 sentencia_entrada: NOMB_ENTRADA lista_variables_entrada PYC •

    $default  reduce usando la regla 42 (sentencia_entrada)


Estado 122

   94 lista_expresiones_o_cadena: lista_expresiones_o_cadena COMA • expresion
   95                           | lista_expresiones_o_cadena COMA • CADENA

    error           desplazar e ir al estado 58
    IDENTIFICADOR   desplazar e ir al estado 59
    CADENA          desplazar e ir al estado 154
    PAR_IZQ         desplazar e ir al estado 60
    CORCH_IZQ       desplazar e ir al estado 61
    OP_MAS_MENOS    desplazar e ir al estado 62
    OP_UN_NEG       desplazar e ir al estado 63
    OP_UN_SHARP     desplazar e ir al estado 64
    OP_UN_QUEST     desplazar e ir al estado 65
    OP_MENOS_MENOS  desplazar e ir al estado 66
    OP_MAS_MAS      desplazar e ir al estado 67
    CONST_INT       desplazar e ir al estado 68
    CONST_FLOAT     desplazar e ir al estado 69
    CONST_BOOL      desplazar e ir al estado 70
    CONST_CHAR      desplazar e ir al estado 71

    expresion        ir al estado 155
    constante        ir al estado 73
    constante_base   ir al estado 74
    constante_lista  ir al estado 75
    lista            ir al estado 76
    llamada_funcion  ir al estado 77


Estado 123

   43 sentencia_salida: NOMB_SALIDA lista_expresiones_o_cadena PYC •

    $default  reduce usando la regla 43 (sentencia_salida)


Estado 124

   51 expresion: expresion • OP_MAS_MENOS expresion
   53          | expresion • OP_BIN_MULTDIV expresion
   54          | expresion • OP_LOGICOS_AND expresion
   55          | expresion • OP_LOGICOS_OR expresion
   56          | expresion • OP_RELACION expresion
   57          | expresion • OP_IGUALDAD expresion
   58          | expresion • OP_BIN_TERN_PRIM expresion
   59          | expresion • OP_MENOS_MENOS expresion
   60          | expresion • OP_BIN_TERN_PRIM expresion OP_MAS_MAS expresion
   85 sentencia_asignacion: IDENTIFICADOR ASIGN expresion • PYC

    OP_BIN_TERN_PRIM  desplazar e ir al estado 111
    PYC               desplazar e ir al estado 156
    OP_BIN_MULTDIV    desplazar e ir al estado 112
    OP_RELACION       desplazar e ir al estado 113
    OP_IGUALDAD       desplazar e ir al estado 114
    OP_LOGICOS_OR     desplazar e ir al estado 115
    OP_LOGICOS_AND    desplazar e ir al estado 116
    OP_MAS_MENOS      desplazar e ir al estado 117
    OP_MENOS_MENOS    desplazar e ir al estado 118


Estado 125

   15 lista_ident: lista_ident COMA IDENTIFICADOR •

    $default  reduce usando la regla 15 (lista_ident)


Estado 126

   24 argumentos: tipo • IDENTIFICADOR

    IDENTIFICADOR  desplazar e ir al estado 157


Estado 127

   21 Cabecera_subprog: tipo IDENTIFICADOR $@5 PAR_IZQ lista_arg • PAR_DER

    PAR_DER  desplazar e ir al estado 158


Estado 128

   22 lista_arg: argumentos •
   25 argumentos: argumentos • COMA tipo IDENTIFICADOR

    COMA  desplazar e ir al estado 159

    $default  reduce usando la regla 22 (lista_arg)


Estado 129

   86 sentencia_if: ID_IF PAR_IZQ expresion PAR_DER • Sentencia
   87             | ID_IF PAR_IZQ expresion PAR_DER • Sentencia ID_ELSE Sentencia

    error           desplazar e ir al estado 30
    ID_IF           desplazar e ir al estado 31
    ID_WHILE        desplazar e ir al estado 32
    ID_REPEAT       desplazar e ir al estado 33
    ID_RETURN       desplazar e ir al estado 34
    NOMB_ENTRADA    desplazar e ir al estado 35
    NOMB_SALIDA     desplazar e ir al estado 36
    LISTA_SENT_IZQ  desplazar e ir al estado 37
    IDENTIFICADOR   desplazar e ir al estado 38
    LLAVE_IZQ       desplazar e ir al estado 3

    bloque                ir al estado 39
    Sentencia             ir al estado 160
    sentencia_entrada     ir al estado 41
    sentencia_salida      ir al estado 42
    sentencia_listas      ir al estado 43
    sentencia_asignacion  ir al estado 44
    sentencia_if          ir al estado 45
    sentencia_while       ir al estado 46
    sentencia_repeat      ir al estado 47
    sentencia_return      ir al estado 48


Estado 130

   88 sentencia_while: ID_WHILE PAR_IZQ expresion PAR_DER • Sentencia

    error           desplazar e ir al estado 30
    ID_IF           desplazar e ir al estado 31
    ID_WHILE        desplazar e ir al estado 32
    ID_REPEAT       desplazar e ir al estado 33
    ID_RETURN       desplazar e ir al estado 34
    NOMB_ENTRADA    desplazar e ir al estado 35
    NOMB_SALIDA     desplazar e ir al estado 36
    LISTA_SENT_IZQ  desplazar e ir al estado 37
    IDENTIFICADOR   desplazar e ir al estado 38
    LLAVE_IZQ       desplazar e ir al estado 3

    bloque                ir al estado 39
    Sentencia             ir al estado 161
    sentencia_entrada     ir al estado 41
    sentencia_salida      ir al estado 42
    sentencia_listas      ir al estado 43
    sentencia_asignacion  ir al estado 44
    sentencia_if          ir al estado 45
    sentencia_while       ir al estado 46
    sentencia_repeat      ir al estado 47
    sentencia_return      ir al estado 48


Estado 131

   89 sentencia_repeat: ID_REPEAT Sentencia ID_UNTIL PAR_IZQ • expresion PAR_DER PYC

    error           desplazar e ir al estado 58
    IDENTIFICADOR   desplazar e ir al estado 59
    PAR_IZQ         desplazar e ir al estado 60
    CORCH_IZQ       desplazar e ir al estado 61
    OP_MAS_MENOS    desplazar e ir al estado 62
    OP_UN_NEG       desplazar e ir al estado 63
    OP_UN_SHARP     desplazar e ir al estado 64
    OP_UN_QUEST     desplazar e ir al estado 65
    OP_MENOS_MENOS  desplazar e ir al estado 66
    OP_MAS_MAS      desplazar e ir al estado 67
    CONST_INT       desplazar e ir al estado 68
    CONST_FLOAT     desplazar e ir al estado 69
    CONST_BOOL      desplazar e ir al estado 70
    CONST_CHAR      desplazar e ir al estado 71

    expresion        ir al estado 162
    constante        ir al estado 73
    constante_base   ir al estado 74
    constante_lista  ir al estado 75
    lista            ir al estado 76
    llamada_funcion  ir al estado 77


Estado 132

   51 expresion: expresion • OP_MAS_MENOS expresion
   53          | expresion • OP_BIN_MULTDIV expresion
   54          | expresion • OP_LOGICOS_AND expresion
   55          | expresion • OP_LOGICOS_OR expresion
   56          | expresion • OP_RELACION expresion
   57          | expresion • OP_IGUALDAD expresion
   58          | expresion • OP_BIN_TERN_PRIM expresion
   59          | expresion • OP_MENOS_MENOS expresion
   60          | expresion • OP_BIN_TERN_PRIM expresion OP_MAS_MAS expresion
  102 lista_expresiones: expresion •

    OP_BIN_TERN_PRIM  desplazar e ir al estado 111
    OP_BIN_MULTDIV    desplazar e ir al estado 112
    OP_RELACION       desplazar e ir al estado 113
    OP_IGUALDAD       desplazar e ir al estado 114
    OP_LOGICOS_OR     desplazar e ir al estado 115
    OP_LOGICOS_AND    desplazar e ir al estado 116
    OP_MAS_MENOS      desplazar e ir al estado 117
    OP_MENOS_MENOS    desplazar e ir al estado 118

    $default  reduce usando la regla 102 (lista_expresiones)


Estado 133

  100 llamada_funcion: IDENTIFICADOR PAR_IZQ lista_expresiones • PAR_DER
  101 lista_expresiones: lista_expresiones • COMA expresion

    PAR_DER  desplazar e ir al estado 163
    COMA     desplazar e ir al estado 164


Estado 134

   65 expresion: PAR_IZQ expresion PAR_DER •

    $default  reduce usando la regla 65 (expresion)


Estado 135

   73 constante_lista: CORCH_IZQ constante_lista_int CORCH_DER •

    $default  reduce usando la regla 73 (constante_lista)


Estado 136

   77 constante_lista_int: constante_lista_int COMA • CONST_INT

    CONST_INT  desplazar e ir al estado 165


Estado 137

   74 constante_lista: CORCH_IZQ constante_lista_float CORCH_DER •

    $default  reduce usando la regla 74 (constante_lista)


Estado 138

   79 constante_lista_float: constante_lista_float COMA • CONST_FLOAT

    CONST_FLOAT  desplazar e ir al estado 166


Estado 139

   75 constante_lista: CORCH_IZQ constante_lista_bool CORCH_DER •

    $default  reduce usando la regla 75 (constante_lista)


Estado 140

   81 constante_lista_bool: constante_lista_bool COMA • CONST_BOOL

    CONST_BOOL  desplazar e ir al estado 167


Estado 141

   76 constante_lista: CORCH_IZQ constante_lista_char CORCH_DER •

    $default  reduce usando la regla 76 (constante_lista)


Estado 142

   83 constante_lista_char: constante_lista_char COMA • CONST_CHAR

    CONST_CHAR  desplazar e ir al estado 168


Estado 143

   99 lista: CORCH_IZQ lista_variables_entrada CORCH_DER •

    $default  reduce usando la regla 99 (lista)


Estado 144

   51 expresion: expresion • OP_MAS_MENOS expresion
   53          | expresion • OP_BIN_MULTDIV expresion
   54          | expresion • OP_LOGICOS_AND expresion
   55          | expresion • OP_LOGICOS_OR expresion
   56          | expresion • OP_RELACION expresion
   57          | expresion • OP_IGUALDAD expresion
   58          | expresion • OP_BIN_TERN_PRIM expresion
   58          | expresion OP_BIN_TERN_PRIM expresion •
   59          | expresion • OP_MENOS_MENOS expresion
   60          | expresion • OP_BIN_TERN_PRIM expresion OP_MAS_MAS expresion
   60          | expresion OP_BIN_TERN_PRIM expresion • OP_MAS_MAS expresion

    OP_BIN_TERN_PRIM  desplazar e ir al estado 111
    OP_BIN_MULTDIV    desplazar e ir al estado 112
    OP_RELACION       desplazar e ir al estado 113
    OP_IGUALDAD       desplazar e ir al estado 114
    OP_LOGICOS_OR     desplazar e ir al estado 115
    OP_LOGICOS_AND    desplazar e ir al estado 116
    OP_MAS_MENOS      desplazar e ir al estado 117
    OP_MENOS_MENOS    desplazar e ir al estado 118
    OP_MAS_MAS        desplazar e ir al estado 169

    $default  reduce usando la regla 58 (expresion)


Estado 145

   51 expresion: expresion • OP_MAS_MENOS expresion
   53          | expresion • OP_BIN_MULTDIV expresion
   53          | expresion OP_BIN_MULTDIV expresion •
   54          | expresion • OP_LOGICOS_AND expresion
   55          | expresion • OP_LOGICOS_OR expresion
   56          | expresion • OP_RELACION expresion
   57          | expresion • OP_IGUALDAD expresion
   58          | expresion • OP_BIN_TERN_PRIM expresion
   59          | expresion • OP_MENOS_MENOS expresion
   60          | expresion • OP_BIN_TERN_PRIM expresion OP_MAS_MAS expresion

    OP_MENOS_MENOS  desplazar e ir al estado 118

    $default  reduce usando la regla 53 (expresion)


Estado 146

   51 expresion: expresion • OP_MAS_MENOS expresion
   53          | expresion • OP_BIN_MULTDIV expresion
   54          | expresion • OP_LOGICOS_AND expresion
   55          | expresion • OP_LOGICOS_OR expresion
   56          | expresion • OP_RELACION expresion
   56          | expresion OP_RELACION expresion •
   57          | expresion • OP_IGUALDAD expresion
   58          | expresion • OP_BIN_TERN_PRIM expresion
   59          | expresion • OP_MENOS_MENOS expresion
   60          | expresion • OP_BIN_TERN_PRIM expresion OP_MAS_MAS expresion

    OP_BIN_MULTDIV  desplazar e ir al estado 112
    OP_MAS_MENOS    desplazar e ir al estado 117
    OP_MENOS_MENOS  desplazar e ir al estado 118

    $default  reduce usando la regla 56 (expresion)


Estado 147

   51 expresion: expresion • OP_MAS_MENOS expresion
   53          | expresion • OP_BIN_MULTDIV expresion
   54          | expresion • OP_LOGICOS_AND expresion
   55          | expresion • OP_LOGICOS_OR expresion
   56          | expresion • OP_RELACION expresion
   57          | expresion • OP_IGUALDAD expresion
   57          | expresion OP_IGUALDAD expresion •
   58          | expresion • OP_BIN_TERN_PRIM expresion
   59          | expresion • OP_MENOS_MENOS expresion
   60          | expresion • OP_BIN_TERN_PRIM expresion OP_MAS_MAS expresion

    OP_BIN_MULTDIV  desplazar e ir al estado 112
    OP_RELACION     desplazar e ir al estado 113
    OP_MAS_MENOS    desplazar e ir al estado 117
    OP_MENOS_MENOS  desplazar e ir al estado 118

    $default  reduce usando la regla 57 (expresion)


Estado 148

   51 expresion: expresion • OP_MAS_MENOS expresion
   53          | expresion • OP_BIN_MULTDIV expresion
   54          | expresion • OP_LOGICOS_AND expresion
   55          | expresion • OP_LOGICOS_OR expresion
   55          | expresion OP_LOGICOS_OR expresion •
   56          | expresion • OP_RELACION expresion
   57          | expresion • OP_IGUALDAD expresion
   58          | expresion • OP_BIN_TERN_PRIM expresion
   59          | expresion • OP_MENOS_MENOS expresion
   60          | expresion • OP_BIN_TERN_PRIM expresion OP_MAS_MAS expresion

    OP_BIN_MULTDIV  desplazar e ir al estado 112
    OP_RELACION     desplazar e ir al estado 113
    OP_IGUALDAD     desplazar e ir al estado 114
    OP_LOGICOS_AND  desplazar e ir al estado 116
    OP_MAS_MENOS    desplazar e ir al estado 117
    OP_MENOS_MENOS  desplazar e ir al estado 118

    $default  reduce usando la regla 55 (expresion)


Estado 149

   51 expresion: expresion • OP_MAS_MENOS expresion
   53          | expresion • OP_BIN_MULTDIV expresion
   54          | expresion • OP_LOGICOS_AND expresion
   54          | expresion OP_LOGICOS_AND expresion •
   55          | expresion • OP_LOGICOS_OR expresion
   56          | expresion • OP_RELACION expresion
   57          | expresion • OP_IGUALDAD expresion
   58          | expresion • OP_BIN_TERN_PRIM expresion
   59          | expresion • OP_MENOS_MENOS expresion
   60          | expresion • OP_BIN_TERN_PRIM expresion OP_MAS_MAS expresion

    OP_BIN_MULTDIV  desplazar e ir al estado 112
    OP_RELACION     desplazar e ir al estado 113
    OP_IGUALDAD     desplazar e ir al estado 114
    OP_MAS_MENOS    desplazar e ir al estado 117
    OP_MENOS_MENOS  desplazar e ir al estado 118

    $default  reduce usando la regla 54 (expresion)


Estado 150

   51 expresion: expresion • OP_MAS_MENOS expresion
   51          | expresion OP_MAS_MENOS expresion •
   53          | expresion • OP_BIN_MULTDIV expresion
   54          | expresion • OP_LOGICOS_AND expresion
   55          | expresion • OP_LOGICOS_OR expresion
   56          | expresion • OP_RELACION expresion
   57          | expresion • OP_IGUALDAD expresion
   58          | expresion • OP_BIN_TERN_PRIM expresion
   59          | expresion • OP_MENOS_MENOS expresion
   60          | expresion • OP_BIN_TERN_PRIM expresion OP_MAS_MAS expresion

    OP_BIN_MULTDIV  desplazar e ir al estado 112
    OP_MENOS_MENOS  desplazar e ir al estado 118

    $default  reduce usando la regla 51 (expresion)


Estado 151

   51 expresion: expresion • OP_MAS_MENOS expresion
   53          | expresion • OP_BIN_MULTDIV expresion
   54          | expresion • OP_LOGICOS_AND expresion
   55          | expresion • OP_LOGICOS_OR expresion
   56          | expresion • OP_RELACION expresion
   57          | expresion • OP_IGUALDAD expresion
   58          | expresion • OP_BIN_TERN_PRIM expresion
   59          | expresion • OP_MENOS_MENOS expresion
   59          | expresion OP_MENOS_MENOS expresion •
   60          | expresion • OP_BIN_TERN_PRIM expresion OP_MAS_MAS expresion

    OP_MENOS_MENOS  desplazar e ir al estado 118

    $default  reduce usando la regla 59 (expresion)


Estado 152

   91 sentencia_return: ID_RETURN expresion @8 PYC •

    $default  reduce usando la regla 91 (sentencia_return)


Estado 153

   92 lista_variables_entrada: lista_variables_entrada COMA IDENTIFICADOR •

    $default  reduce usando la regla 92 (lista_variables_entrada)


Estado 154

   95 lista_expresiones_o_cadena: lista_expresiones_o_cadena COMA CADENA •

    $default  reduce usando la regla 95 (lista_expresiones_o_cadena)


Estado 155

   51 expresion: expresion • OP_MAS_MENOS expresion
   53          | expresion • OP_BIN_MULTDIV expresion
   54          | expresion • OP_LOGICOS_AND expresion
   55          | expresion • OP_LOGICOS_OR expresion
   56          | expresion • OP_RELACION expresion
   57          | expresion • OP_IGUALDAD expresion
   58          | expresion • OP_BIN_TERN_PRIM expresion
   59          | expresion • OP_MENOS_MENOS expresion
   60          | expresion • OP_BIN_TERN_PRIM expresion OP_MAS_MAS expresion
   94 lista_expresiones_o_cadena: lista_expresiones_o_cadena COMA expresion •

    OP_BIN_TERN_PRIM  desplazar e ir al estado 111
    OP_BIN_MULTDIV    desplazar e ir al estado 112
    OP_RELACION       desplazar e ir al estado 113
    OP_IGUALDAD       desplazar e ir al estado 114
    OP_LOGICOS_OR     desplazar e ir al estado 115
    OP_LOGICOS_AND    desplazar e ir al estado 116
    OP_MAS_MENOS      desplazar e ir al estado 117
    OP_MENOS_MENOS    desplazar e ir al estado 118

    $default  reduce usando la regla 94 (lista_expresiones_o_cadena)


Estado 156

   85 sentencia_asignacion: IDENTIFICADOR ASIGN expresion PYC •

    $default  reduce usando la regla 85 (sentencia_asignacion)


Estado 157

   24 argumentos: tipo IDENTIFICADOR •

    $default  reduce usando la regla 24 (argumentos)


Estado 158

   21 Cabecera_subprog: tipo IDENTIFICADOR $@5 PAR_IZQ lista_arg PAR_DER •

    $default  reduce usando la regla 21 (Cabecera_subprog)


Estado 159

   25 argumentos: argumentos COMA • tipo IDENTIFICADOR

    TIPO_PRIM   desplazar e ir al estado 11
    TIPO_LISTA  desplazar e ir al estado 12

    tipo  ir al estado 170


Estado 160

   86 sentencia_if: ID_IF PAR_IZQ expresion PAR_DER Sentencia •
   87             | ID_IF PAR_IZQ expresion PAR_DER Sentencia • ID_ELSE Sentencia

    ID_ELSE  desplazar e ir al estado 171

    ID_ELSE   [reduce usando la regla 86 (sentencia_if)]
    $default  reduce usando la regla 86 (sentencia_if)


Estado 161

   88 sentencia_while: ID_WHILE PAR_IZQ expresion PAR_DER Sentencia •

    $default  reduce usando la regla 88 (sentencia_while)


Estado 162

   51 expresion: expresion • OP_MAS_MENOS expresion
   53          | expresion • OP_BIN_MULTDIV expresion
   54          | expresion • OP_LOGICOS_AND expresion
   55          | expresion • OP_LOGICOS_OR expresion
   56          | expresion • OP_RELACION expresion
   57          | expresion • OP_IGUALDAD expresion
   58          | expresion • OP_BIN_TERN_PRIM expresion
   59          | expresion • OP_MENOS_MENOS expresion
   60          | expresion • OP_BIN_TERN_PRIM expresion OP_MAS_MAS expresion
   89 sentencia_repeat: ID_REPEAT Sentencia ID_UNTIL PAR_IZQ expresion • PAR_DER PYC

    OP_BIN_TERN_PRIM  desplazar e ir al estado 111
    PAR_DER           desplazar e ir al estado 172
    OP_BIN_MULTDIV    desplazar e ir al estado 112
    OP_RELACION       desplazar e ir al estado 113
    OP_IGUALDAD       desplazar e ir al estado 114
    OP_LOGICOS_OR     desplazar e ir al estado 115
    OP_LOGICOS_AND    desplazar e ir al estado 116
    OP_MAS_MENOS      desplazar e ir al estado 117
    OP_MENOS_MENOS    desplazar e ir al estado 118


Estado 163

  100 llamada_funcion: IDENTIFICADOR PAR_IZQ lista_expresiones PAR_DER •

    $default  reduce usando la regla 100 (llamada_funcion)


Estado 164

  101 lista_expresiones: lista_expresiones COMA • expresion

    error           desplazar e ir al estado 58
    IDENTIFICADOR   desplazar e ir al estado 59
    PAR_IZQ         desplazar e ir al estado 60
    CORCH_IZQ       desplazar e ir al estado 61
    OP_MAS_MENOS    desplazar e ir al estado 62
    OP_UN_NEG       desplazar e ir al estado 63
    OP_UN_SHARP     desplazar e ir al estado 64
    OP_UN_QUEST     desplazar e ir al estado 65
    OP_MENOS_MENOS  desplazar e ir al estado 66
    OP_MAS_MAS      desplazar e ir al estado 67
    CONST_INT       desplazar e ir al estado 68
    CONST_FLOAT     desplazar e ir al estado 69
    CONST_BOOL      desplazar e ir al estado 70
    CONST_CHAR      desplazar e ir al estado 71

    expresion        ir al estado 173
    constante        ir al estado 73
    constante_base   ir al estado 74
    constante_lista  ir al estado 75
    lista            ir al estado 76
    llamada_funcion  ir al estado 77


Estado 165

   77 constante_lista_int: constante_lista_int COMA CONST_INT •

    $default  reduce usando la regla 77 (constante_lista_int)


Estado 166

   79 constante_lista_float: constante_lista_float COMA CONST_FLOAT •

    $default  reduce usando la regla 79 (constante_lista_float)


Estado 167

   81 constante_lista_bool: constante_lista_bool COMA CONST_BOOL •

    $default  reduce usando la regla 81 (constante_lista_bool)


Estado 168

   83 constante_lista_char: constante_lista_char COMA CONST_CHAR •

    $default  reduce usando la regla 83 (constante_lista_char)


Estado 169

   60 expresion: expresion OP_BIN_TERN_PRIM expresion OP_MAS_MAS • expresion

    error           desplazar e ir al estado 58
    IDENTIFICADOR   desplazar e ir al estado 59
    PAR_IZQ         desplazar e ir al estado 60
    CORCH_IZQ       desplazar e ir al estado 61
    OP_MAS_MENOS    desplazar e ir al estado 62
    OP_UN_NEG       desplazar e ir al estado 63
    OP_UN_SHARP     desplazar e ir al estado 64
    OP_UN_QUEST     desplazar e ir al estado 65
    OP_MENOS_MENOS  desplazar e ir al estado 66
    OP_MAS_MAS      desplazar e ir al estado 67
    CONST_INT       desplazar e ir al estado 68
    CONST_FLOAT     desplazar e ir al estado 69
    CONST_BOOL      desplazar e ir al estado 70
    CONST_CHAR      desplazar e ir al estado 71

    expresion        ir al estado 174
    constante        ir al estado 73
    constante_base   ir al estado 74
    constante_lista  ir al estado 75
    lista            ir al estado 76
    llamada_funcion  ir al estado 77


Estado 170

   25 argumentos: argumentos COMA tipo • IDENTIFICADOR

    IDENTIFICADOR  desplazar e ir al estado 175


Estado 171

   87 sentencia_if: ID_IF PAR_IZQ expresion PAR_DER Sentencia ID_ELSE • Sentencia

    error           desplazar e ir al estado 30
    ID_IF           desplazar e ir al estado 31
    ID_WHILE        desplazar e ir al estado 32
    ID_REPEAT       desplazar e ir al estado 33
    ID_RETURN       desplazar e ir al estado 34
    NOMB_ENTRADA    desplazar e ir al estado 35
    NOMB_SALIDA     desplazar e ir al estado 36
    LISTA_SENT_IZQ  desplazar e ir al estado 37
    IDENTIFICADOR   desplazar e ir al estado 38
    LLAVE_IZQ       desplazar e ir al estado 3

    bloque                ir al estado 39
    Sentencia             ir al estado 176
    sentencia_entrada     ir al estado 41
    sentencia_salida      ir al estado 42
    sentencia_listas      ir al estado 43
    sentencia_asignacion  ir al estado 44
    sentencia_if          ir al estado 45
    sentencia_while       ir al estado 46
    sentencia_repeat      ir al estado 47
    sentencia_return      ir al estado 48


Estado 172

   89 sentencia_repeat: ID_REPEAT Sentencia ID_UNTIL PAR_IZQ expresion PAR_DER • PYC

    PYC  desplazar e ir al estado 177


Estado 173

   51 expresion: expresion • OP_MAS_MENOS expresion
   53          | expresion • OP_BIN_MULTDIV expresion
   54          | expresion • OP_LOGICOS_AND expresion
   55          | expresion • OP_LOGICOS_OR expresion
   56          | expresion • OP_RELACION expresion
   57          | expresion • OP_IGUALDAD expresion
   58          | expresion • OP_BIN_TERN_PRIM expresion
   59          | expresion • OP_MENOS_MENOS expresion
   60          | expresion • OP_BIN_TERN_PRIM expresion OP_MAS_MAS expresion
  101 lista_expresiones: lista_expresiones COMA expresion •

    OP_BIN_TERN_PRIM  desplazar e ir al estado 111
    OP_BIN_MULTDIV    desplazar e ir al estado 112
    OP_RELACION       desplazar e ir al estado 113
    OP_IGUALDAD       desplazar e ir al estado 114
    OP_LOGICOS_OR     desplazar e ir al estado 115
    OP_LOGICOS_AND    desplazar e ir al estado 116
    OP_MAS_MENOS      desplazar e ir al estado 117
    OP_MENOS_MENOS    desplazar e ir al estado 118

    $default  reduce usando la regla 101 (lista_expresiones)


Estado 174

   51 expresion: expresion • OP_MAS_MENOS expresion
   53          | expresion • OP_BIN_MULTDIV expresion
   54          | expresion • OP_LOGICOS_AND expresion
   55          | expresion • OP_LOGICOS_OR expresion
   56          | expresion • OP_RELACION expresion
   57          | expresion • OP_IGUALDAD expresion
   58          | expresion • OP_BIN_TERN_PRIM expresion
   59          | expresion • OP_MENOS_MENOS expresion
   60          | expresion • OP_BIN_TERN_PRIM expresion OP_MAS_MAS expresion
   60          | expresion OP_BIN_TERN_PRIM expresion OP_MAS_MAS expresion •

    $default  reduce usando la regla 60 (expresion)


Estado 175

   25 argumentos: argumentos COMA tipo IDENTIFICADOR •

    $default  reduce usando la regla 25 (argumentos)


Estado 176

   87 sentencia_if: ID_IF PAR_IZQ expresion PAR_DER Sentencia ID_ELSE Sentencia •

    $default  reduce usando la regla 87 (sentencia_if)


Estado 177

   89 sentencia_repeat: ID_REPEAT Sentencia ID_UNTIL PAR_IZQ expresion PAR_DER PYC •

    $default  reduce usando la regla 89 (sentencia_repeat)
